<?xml version="1.0" encoding="UTF-8"?>
<!-- Generated by org.testng.reporters.JUnitReportReporter -->
<testsuite hostname="DESKTOP-0SDSHUM" failures="0" tests="1" name="temp.SwiggyWebApplication" time="39.008" errors="0" timestamp="2022-12-05T20:11:14 IST" skipped="0">
  <testcase classname="temp.SwiggyWebApplication" name="Testcase" time="39.008"/>
  <system-out/>
</testsuite> <!-- temp.SwiggyWebApplication -->
